<?xml version="1.0" encoding="UTF-8"?>
<!-- Generated by org.testng.reporters.JUnitReportReporter -->
<testsuite skipped="0" hostname="923b2f17ab58" name="com.ibm.watson.health.acd.v1.model.RunPipelineOptionsTest" tests="1" failures="0" timestamp="2021-01-14T19:30:41 UTC" time="0.004" errors="0">
  <testcase name="testRunPipelineOptions" time="0.004" classname="com.ibm.watson.health.acd.v1.model.RunPipelineOptionsTest"/>
  <system-out/>
</testsuite> <!-- com.ibm.watson.health.acd.v1.model.RunPipelineOptionsTest -->
