<?xml version="1.0" encoding="UTF-8"?>
<!-- Generated by org.testng.reporters.JUnitReportReporter -->
<testsuite skipped="0" hostname="77e6f78330a7" name="com.ibm.watson.health.acd.v1.model.AcdFlowTest" tests="1" failures="0" timestamp="2020-08-31T23:25:00 CDT" time="0.002" errors="0">
  <testcase name="testAcdFlow" time="0.002" classname="com.ibm.watson.health.acd.v1.model.AcdFlowTest"/>
  <system-out/>
</testsuite> <!-- com.ibm.watson.health.acd.v1.model.AcdFlowTest -->
