<?xml version="1.0" encoding="UTF-8"?>
<!-- Generated by org.testng.reporters.JUnitReportReporter -->
<testsuite skipped="0" hostname="ecf9ffdf7179" name="com.ibm.watson.health.acd.v1.model.CartridgesPutMultipartOptionsTest" tests="1" failures="0" timestamp="2020-10-27T14:03:31 UTC" time="0.004" errors="0">
  <testcase name="testCartridgesPutMultipartOptions" time="0.004" classname="com.ibm.watson.health.acd.v1.model.CartridgesPutMultipartOptionsTest"/>
  <system-out/>
</testsuite> <!-- com.ibm.watson.health.acd.v1.model.CartridgesPutMultipartOptionsTest -->
