<?xml version="1.0" encoding="UTF-8"?>
<!-- Generated by org.testng.reporters.JUnitReportReporter -->
<testsuite skipped="0" hostname="77e6f78330a7" name="com.ibm.watson.health.acd.v1.model.GetHealthCheckStatusOptionsTest" tests="1" failures="0" timestamp="2020-08-31T23:25:00 CDT" time="0.000" errors="0">
  <testcase name="testGetHealthCheckStatusOptions" time="0.000" classname="com.ibm.watson.health.acd.v1.model.GetHealthCheckStatusOptionsTest"/>
  <system-out/>
</testsuite> <!-- com.ibm.watson.health.acd.v1.model.GetHealthCheckStatusOptionsTest -->
