<?xml version="1.0" encoding="UTF-8"?>
<!-- Generated by org.testng.reporters.JUnitReportReporter -->
<testsuite skipped="0" hostname="6083d5323d6a" name="com.ibm.watson.health.acd.v1.model.CustomCollectionTest" tests="1" failures="0" timestamp="2021-01-22T16:56:35 UTC" time="0.024" errors="0">
  <testcase name="testCustomCollection" time="0.024" classname="com.ibm.watson.health.acd.v1.model.CustomCollectionTest"/>
  <system-out/>
</testsuite> <!-- com.ibm.watson.health.acd.v1.model.CustomCollectionTest -->
