<?xml version="1.0" encoding="UTF-8"?>
<!-- Generated by org.testng.reporters.JUnitReportReporter -->
<testsuite skipped="0" hostname="77e6f78330a7" name="com.ibm.watson.health.acd.v1.model.UpdateProfileOptionsTest" tests="2" failures="0" timestamp="2020-08-31T23:25:00 CDT" time="0.004" errors="0">
  <testcase name="testUpdateProfileOptionsError" time="0.001" classname="com.ibm.watson.health.acd.v1.model.UpdateProfileOptionsTest"/>
  <system-out/>
  <testcase name="testUpdateProfileOptions" time="0.003" classname="com.ibm.watson.health.acd.v1.model.UpdateProfileOptionsTest"/>
  <system-out/>
</testsuite> <!-- com.ibm.watson.health.acd.v1.model.UpdateProfileOptionsTest -->
