<?xml version="1.0" encoding="UTF-8"?>
<!-- Generated by org.testng.reporters.JUnitReportReporter -->
<testsuite skipped="0" hostname="77e6f78330a7" name="com.ibm.watson.health.acd.v1.unit.AnnotatorForClinicalDataAcdTest" tests="32" failures="0" timestamp="2020-08-31T23:25:00 CDT" time="3.663" errors="0">
  <testcase name="testRunPipelineWithFlowNoOptions" time="0.007" classname="com.ibm.watson.health.acd.v1.unit.AnnotatorForClinicalDataAcdTest"/>
  <system-out/>
  <testcase name="testDeleteProfileWOptions" time="0.015" classname="com.ibm.watson.health.acd.v1.unit.AnnotatorForClinicalDataAcdTest"/>
  <system-out/>
  <testcase name="testGetVersion" time="0.009" classname="com.ibm.watson.health.acd.v1.unit.AnnotatorForClinicalDataAcdTest"/>
  <system-out/>
  <testcase name="testGetFlowsByIdNoOptions" time="0.007" classname="com.ibm.watson.health.acd.v1.unit.AnnotatorForClinicalDataAcdTest"/>
  <system-out/>
  <testcase name="testDeleteFlowsWOptions" time="0.018" classname="com.ibm.watson.health.acd.v1.unit.AnnotatorForClinicalDataAcdTest"/>
  <system-out/>
  <testcase name="testGetProfileNoOptions" time="0.008" classname="com.ibm.watson.health.acd.v1.unit.AnnotatorForClinicalDataAcdTest"/>
  <system-out/>
  <testcase name="testCartridgesGetWOptions" time="0.026" classname="com.ibm.watson.health.acd.v1.unit.AnnotatorForClinicalDataAcdTest"/>
  <system-out/>
  <testcase name="testCartridgesGetIdNoOptions" time="1.133" classname="com.ibm.watson.health.acd.v1.unit.AnnotatorForClinicalDataAcdTest"/>
  <system-out/>
  <testcase name="testConstructorWithNullAuthenticator" time="0.035" classname="com.ibm.watson.health.acd.v1.unit.AnnotatorForClinicalDataAcdTest"/>
  <system-out/>
  <testcase name="testGetAnnotatorsWOptions" time="0.017" classname="com.ibm.watson.health.acd.v1.unit.AnnotatorForClinicalDataAcdTest"/>
  <system-out/>
  <testcase name="testUpdateFlowsWOptions" time="0.017" classname="com.ibm.watson.health.acd.v1.unit.AnnotatorForClinicalDataAcdTest"/>
  <system-out/>
  <testcase name="testCartridgesGetIdWOptions" time="0.408" classname="com.ibm.watson.health.acd.v1.unit.AnnotatorForClinicalDataAcdTest"/>
  <system-out/>
  <testcase name="testDeleteUserSpecificArtifactsWOptions" time="0.011" classname="com.ibm.watson.health.acd.v1.unit.AnnotatorForClinicalDataAcdTest"/>
  <system-out/>
  <testcase name="testRunPipelineWOptions" time="0.063" classname="com.ibm.watson.health.acd.v1.unit.AnnotatorForClinicalDataAcdTest"/>
  <system-out/>
  <testcase name="testCreateFlowsWOptions" time="0.075" classname="com.ibm.watson.health.acd.v1.unit.AnnotatorForClinicalDataAcdTest"/>
  <system-out/>
  <testcase name="testUpdateFlowsNoOptions" time="0.579" classname="com.ibm.watson.health.acd.v1.unit.AnnotatorForClinicalDataAcdTest"/>
  <system-out/>
  <testcase name="testDeleteFlowsNoOptions" time="0.008" classname="com.ibm.watson.health.acd.v1.unit.AnnotatorForClinicalDataAcdTest"/>
  <system-out/>
  <testcase name="testUpdateProfileNoOptions" time="0.008" classname="com.ibm.watson.health.acd.v1.unit.AnnotatorForClinicalDataAcdTest"/>
  <system-out/>
  <testcase name="testDeleteProfileNoOptions" time="0.010" classname="com.ibm.watson.health.acd.v1.unit.AnnotatorForClinicalDataAcdTest"/>
  <system-out/>
  <testcase name="testGetAnnotatorsByIdNoOptions" time="0.007" classname="com.ibm.watson.health.acd.v1.unit.AnnotatorForClinicalDataAcdTest"/>
  <system-out/>
  <testcase name="testDeployCartridgeWOptions" time="0.017" classname="com.ibm.watson.health.acd.v1.unit.AnnotatorForClinicalDataAcdTest"/>
  <system-out/>
  <testcase name="testCreateProfileWOptions" time="0.025" classname="com.ibm.watson.health.acd.v1.unit.AnnotatorForClinicalDataAcdTest"/>
  <system-out/>
  <testcase name="testGetHealthCheckStatusWOptions" time="0.954" classname="com.ibm.watson.health.acd.v1.unit.AnnotatorForClinicalDataAcdTest"/>
  <system-out/>
  <testcase name="testUpdateProfileWOptions" time="0.016" classname="com.ibm.watson.health.acd.v1.unit.AnnotatorForClinicalDataAcdTest"/>
  <system-out/>
  <testcase name="testGetProfilesWOptions" time="0.014" classname="com.ibm.watson.health.acd.v1.unit.AnnotatorForClinicalDataAcdTest"/>
  <system-out/>
  <testcase name="testCartridgesPutMultipartWOptions" time="0.019" classname="com.ibm.watson.health.acd.v1.unit.AnnotatorForClinicalDataAcdTest"/>
  <system-out/>
  <testcase name="testRunPipelineWithFlowWOptions" time="0.032" classname="com.ibm.watson.health.acd.v1.unit.AnnotatorForClinicalDataAcdTest"/>
  <system-out/>
  <testcase name="testGetAnnotatorsByIdWOptions" time="0.019" classname="com.ibm.watson.health.acd.v1.unit.AnnotatorForClinicalDataAcdTest"/>
  <system-out/>
  <testcase name="testGetFlowsByIdWOptions" time="0.020" classname="com.ibm.watson.health.acd.v1.unit.AnnotatorForClinicalDataAcdTest"/>
  <system-out/>
  <testcase name="testGetProfileWOptions" time="0.021" classname="com.ibm.watson.health.acd.v1.unit.AnnotatorForClinicalDataAcdTest"/>
  <system-out/>
  <testcase name="testGetFlowsWOptions" time="0.016" classname="com.ibm.watson.health.acd.v1.unit.AnnotatorForClinicalDataAcdTest"/>
  <system-out/>
  <testcase name="testCartridgesPostMultipartWOptions" time="0.049" classname="com.ibm.watson.health.acd.v1.unit.AnnotatorForClinicalDataAcdTest"/>
  <system-out/>
</testsuite> <!-- com.ibm.watson.health.acd.v1.unit.AnnotatorForClinicalDataAcdTest -->
