<?xml version="1.0" encoding="UTF-8"?>
<!-- Generated by org.testng.reporters.JUnitReportReporter -->
<testsuite skipped="0" hostname="923b2f17ab58" name="com.ibm.watson.health.acd.v1.model.GetFlowsByIdOptionsTest" tests="2" failures="0" timestamp="2021-01-14T19:30:41 UTC" time="0.002" errors="0">
  <testcase name="testGetFlowsByIdOptions" time="0.002" classname="com.ibm.watson.health.acd.v1.model.GetFlowsByIdOptionsTest"/>
  <system-out/>
  <testcase name="testGetFlowsByIdOptionsError" time="0.000" classname="com.ibm.watson.health.acd.v1.model.GetFlowsByIdOptionsTest"/>
  <system-out/>
</testsuite> <!-- com.ibm.watson.health.acd.v1.model.GetFlowsByIdOptionsTest -->
