<?xml version="1.0" encoding="UTF-8"?>
<!-- Generated by org.testng.reporters.JUnitReportReporter -->
<testsuite skipped="0" hostname="6083d5323d6a" name="com.ibm.watson.health.acd.v1.model.UpdateFlowsOptionsTest" tests="2" failures="0" timestamp="2021-01-22T16:56:35 UTC" time="0.001" errors="0">
  <testcase name="testUpdateFlowsOptionsError" time="0.000" classname="com.ibm.watson.health.acd.v1.model.UpdateFlowsOptionsTest"/>
  <system-out/>
  <testcase name="testUpdateFlowsOptions" time="0.001" classname="com.ibm.watson.health.acd.v1.model.UpdateFlowsOptionsTest"/>
  <system-out/>
</testsuite> <!-- com.ibm.watson.health.acd.v1.model.UpdateFlowsOptionsTest -->
