<?xml version="1.0" encoding="UTF-8"?>
<!-- Generated by org.testng.reporters.JUnitReportReporter -->
<testsuite skipped="0" hostname="621038f2d9b3" name="com.ibm.watson.health.acd.v1.model.GetFlowsByIdOptionsTest" tests="2" failures="0" timestamp="2020-08-10T16:57:37 CDT" time="0.002" errors="0">
  <testcase name="testGetFlowsByIdOptions" time="0.001" classname="com.ibm.watson.health.acd.v1.model.GetFlowsByIdOptionsTest"/>
  <system-out/>
  <testcase name="testGetFlowsByIdOptionsError" time="0.001" classname="com.ibm.watson.health.acd.v1.model.GetFlowsByIdOptionsTest"/>
  <system-out/>
</testsuite> <!-- com.ibm.watson.health.acd.v1.model.GetFlowsByIdOptionsTest -->
