<?xml version="1.0" encoding="UTF-8"?>
<!-- Generated by org.testng.reporters.JUnitReportReporter -->
<testsuite skipped="0" hostname="6083d5323d6a" name="com.ibm.watson.health.iml.v1.model.AddCorpusDocumentOptionsTest" tests="2" failures="0" timestamp="2021-01-22T16:56:56 UTC" time="0.002" errors="0">
  <testcase name="testAddCorpusDocumentOptionsError" time="0.000" classname="com.ibm.watson.health.iml.v1.model.AddCorpusDocumentOptionsTest"/>
  <system-out/>
  <testcase name="testAddCorpusDocumentOptions" time="0.002" classname="com.ibm.watson.health.iml.v1.model.AddCorpusDocumentOptionsTest"/>
  <system-out/>
</testsuite> <!-- com.ibm.watson.health.iml.v1.model.AddCorpusDocumentOptionsTest -->
