<?xml version="1.0" encoding="UTF-8"?>
<!-- Generated by org.testng.reporters.JUnitReportReporter -->
<testsuite skipped="0" hostname="6083d5323d6a" name="com.ibm.watson.health.iml.v1.unit.InsightsForMedicalLiteratureServiceTest" tests="50" failures="0" timestamp="2021-01-22T16:56:56 UTC" time="5.058" errors="0">
  <testcase name="testGetDocumentMultipleCategoriesWOptions" time="0.030" classname="com.ibm.watson.health.iml.v1.unit.InsightsForMedicalLiteratureServiceTest"/>
  <system-out/>
  <testcase name="testTypeaheadWOptions" time="0.026" classname="com.ibm.watson.health.iml.v1.unit.InsightsForMedicalLiteratureServiceTest"/>
  <system-out/>
  <testcase name="testGetServiceStatusWOptions" time="0.022" classname="com.ibm.watson.health.iml.v1.unit.InsightsForMedicalLiteratureServiceTest"/>
  <system-out/>
  <testcase name="testSetCorpusSchemaWOptions" time="0.020" classname="com.ibm.watson.health.iml.v1.unit.InsightsForMedicalLiteratureServiceTest"/>
  <system-out/>
  <testcase name="testEnableCorpusSearchTrackingWOptions" time="0.021" classname="com.ibm.watson.health.iml.v1.unit.InsightsForMedicalLiteratureServiceTest"/>
  <system-out/>
  <testcase name="testGetStatisticsNoOptions" time="0.011" classname="com.ibm.watson.health.iml.v1.unit.InsightsForMedicalLiteratureServiceTest"/>
  <system-out/>
  <testcase name="testGetFieldsNoOptions" time="0.005" classname="com.ibm.watson.health.iml.v1.unit.InsightsForMedicalLiteratureServiceTest"/>
  <system-out/>
  <testcase name="testTokenizeWOptions" time="0.016" classname="com.ibm.watson.health.iml.v1.unit.InsightsForMedicalLiteratureServiceTest"/>
  <system-out/>
  <testcase name="testMonitorCorpusNoOptions" time="0.006" classname="com.ibm.watson.health.iml.v1.unit.InsightsForMedicalLiteratureServiceTest"/>
  <system-out/>
  <testcase name="testGetSearchMatchesWOptions" time="0.031" classname="com.ibm.watson.health.iml.v1.unit.InsightsForMedicalLiteratureServiceTest"/>
  <system-out/>
  <testcase name="testGetDocumentMultipleCategoriesNoOptions" time="0.009" classname="com.ibm.watson.health.iml.v1.unit.InsightsForMedicalLiteratureServiceTest"/>
  <system-out/>
  <testcase name="testGetDocumentAnnotationsWOptions" time="0.034" classname="com.ibm.watson.health.iml.v1.unit.InsightsForMedicalLiteratureServiceTest"/>
  <system-out/>
  <testcase name="testSearchNoOptions" time="0.007" classname="com.ibm.watson.health.iml.v1.unit.InsightsForMedicalLiteratureServiceTest"/>
  <system-out/>
  <testcase name="testSetCorpusConfigWOptions" time="0.019" classname="com.ibm.watson.health.iml.v1.unit.InsightsForMedicalLiteratureServiceTest"/>
  <system-out/>
  <testcase name="testGetDocumentsNoOptions" time="0.014" classname="com.ibm.watson.health.iml.v1.unit.InsightsForMedicalLiteratureServiceTest"/>
  <system-out/>
  <testcase name="testSearchWOptions" time="1.466" classname="com.ibm.watson.health.iml.v1.unit.InsightsForMedicalLiteratureServiceTest"/>
  <system-out/>
  <testcase name="testGetRelatedConceptsNoOptions" time="0.007" classname="com.ibm.watson.health.iml.v1.unit.InsightsForMedicalLiteratureServiceTest"/>
  <system-out/>
  <testcase name="testTokenizeNoOptions" time="0.008" classname="com.ibm.watson.health.iml.v1.unit.InsightsForMedicalLiteratureServiceTest"/>
  <system-out/>
  <testcase name="testGetDocumentsWOptions" time="0.025" classname="com.ibm.watson.health.iml.v1.unit.InsightsForMedicalLiteratureServiceTest"/>
  <system-out/>
  <testcase name="testConstructorWithNullAuthenticator" time="0.068" classname="com.ibm.watson.health.iml.v1.unit.InsightsForMedicalLiteratureServiceTest"/>
  <system-out/>
  <testcase name="testAddCorpusDocumentWOptions" time="0.034" classname="com.ibm.watson.health.iml.v1.unit.InsightsForMedicalLiteratureServiceTest"/>
  <system-out/>
  <testcase name="testGetHitCountWOptions" time="0.018" classname="com.ibm.watson.health.iml.v1.unit.InsightsForMedicalLiteratureServiceTest"/>
  <system-out/>
  <testcase name="testDeleteCorpusSchemaNoOptions" time="0.012" classname="com.ibm.watson.health.iml.v1.unit.InsightsForMedicalLiteratureServiceTest"/>
  <system-out/>
  <testcase name="testGetConceptsWOptions" time="0.033" classname="com.ibm.watson.health.iml.v1.unit.InsightsForMedicalLiteratureServiceTest"/>
  <system-out/>
  <testcase name="testAddCorpusDocumentNoOptions" time="0.012" classname="com.ibm.watson.health.iml.v1.unit.InsightsForMedicalLiteratureServiceTest"/>
  <system-out/>
  <testcase name="testGetDocumentInfoWOptions" time="0.035" classname="com.ibm.watson.health.iml.v1.unit.InsightsForMedicalLiteratureServiceTest"/>
  <system-out/>
  <testcase name="testGetCorpusConfigWOptions" time="0.022" classname="com.ibm.watson.health.iml.v1.unit.InsightsForMedicalLiteratureServiceTest"/>
  <system-out/>
  <testcase name="testMonitorCorpusWOptions" time="0.019" classname="com.ibm.watson.health.iml.v1.unit.InsightsForMedicalLiteratureServiceTest"/>
  <system-out/>
  <testcase name="testGetDocumentCategoriesNoOptions" time="0.008" classname="com.ibm.watson.health.iml.v1.unit.InsightsForMedicalLiteratureServiceTest"/>
  <system-out/>
  <testcase name="testGetDocumentAnnotationsNoOptions" time="0.009" classname="com.ibm.watson.health.iml.v1.unit.InsightsForMedicalLiteratureServiceTest"/>
  <system-out/>
  <testcase name="testGetStatisticsWOptions" time="0.027" classname="com.ibm.watson.health.iml.v1.unit.InsightsForMedicalLiteratureServiceTest"/>
  <system-out/>
  <testcase name="testGetSearchMatchesNoOptions" time="0.006" classname="com.ibm.watson.health.iml.v1.unit.InsightsForMedicalLiteratureServiceTest"/>
  <system-out/>
  <testcase name="testGetCorpusConfigNoOptions" time="0.009" classname="com.ibm.watson.health.iml.v1.unit.InsightsForMedicalLiteratureServiceTest"/>
  <system-out/>
  <testcase name="testGetFieldsWOptions" time="0.023" classname="com.ibm.watson.health.iml.v1.unit.InsightsForMedicalLiteratureServiceTest"/>
  <system-out/>
  <testcase name="testGetRelatedConceptsWOptions" time="0.026" classname="com.ibm.watson.health.iml.v1.unit.InsightsForMedicalLiteratureServiceTest"/>
  <system-out/>
  <testcase name="testGetConceptsNoOptions" time="0.680" classname="com.ibm.watson.health.iml.v1.unit.InsightsForMedicalLiteratureServiceTest"/>
  <system-out/>
  <testcase name="testGetHealthCheckStatusWOptions" time="0.020" classname="com.ibm.watson.health.iml.v1.unit.InsightsForMedicalLiteratureServiceTest"/>
  <system-out/>
  <testcase name="testAddArtifactNoOptions" time="1.445" classname="com.ibm.watson.health.iml.v1.unit.InsightsForMedicalLiteratureServiceTest"/>
  <system-out/>
  <testcase name="testGetCorporaConfigWOptions" time="0.024" classname="com.ibm.watson.health.iml.v1.unit.InsightsForMedicalLiteratureServiceTest"/>
  <system-out/>
  <testcase name="testGetDocumentInfoNoOptions" time="0.008" classname="com.ibm.watson.health.iml.v1.unit.InsightsForMedicalLiteratureServiceTest"/>
  <system-out/>
  <testcase name="testTypeaheadNoOptions" time="0.004" classname="com.ibm.watson.health.iml.v1.unit.InsightsForMedicalLiteratureServiceTest"/>
  <system-out/>
  <testcase name="testGetDocumentCategoriesWOptions" time="0.066" classname="com.ibm.watson.health.iml.v1.unit.InsightsForMedicalLiteratureServiceTest"/>
  <system-out/>
  <testcase name="testGetVersion" time="0.006" classname="com.ibm.watson.health.iml.v1.unit.InsightsForMedicalLiteratureServiceTest"/>
  <system-out/>
  <testcase name="testAddArtifactWOptions" time="0.491" classname="com.ibm.watson.health.iml.v1.unit.InsightsForMedicalLiteratureServiceTest"/>
  <system-out/>
  <testcase name="testGetHitCountNoOptions" time="0.009" classname="com.ibm.watson.health.iml.v1.unit.InsightsForMedicalLiteratureServiceTest"/>
  <system-out/>
  <testcase name="testGetCuiInfoNoOptions" time="0.009" classname="com.ibm.watson.health.iml.v1.unit.InsightsForMedicalLiteratureServiceTest"/>
  <system-out/>
  <testcase name="testGetSimilarConceptsNoOptions" time="0.007" classname="com.ibm.watson.health.iml.v1.unit.InsightsForMedicalLiteratureServiceTest"/>
  <system-out/>
  <testcase name="testGetCuiInfoWOptions" time="0.030" classname="com.ibm.watson.health.iml.v1.unit.InsightsForMedicalLiteratureServiceTest"/>
  <system-out/>
  <testcase name="testDeleteCorpusSchemaWOptions" time="0.100" classname="com.ibm.watson.health.iml.v1.unit.InsightsForMedicalLiteratureServiceTest"/>
  <system-out/>
  <testcase name="testGetSimilarConceptsWOptions" time="0.021" classname="com.ibm.watson.health.iml.v1.unit.InsightsForMedicalLiteratureServiceTest"/>
  <system-out/>
</testsuite> <!-- com.ibm.watson.health.iml.v1.unit.InsightsForMedicalLiteratureServiceTest -->
