<?xml version="1.0" encoding="UTF-8"?>
<!-- Generated by org.testng.reporters.JUnitReportReporter -->
<testsuite skipped="0" hostname="923b2f17ab58" name="com.ibm.watson.health.iml.v1.model.GetStatisticsOptionsTest" tests="2" failures="0" timestamp="2021-01-14T19:31:03 UTC" time="0.001" errors="0">
  <testcase name="testGetStatisticsOptions" time="0.000" classname="com.ibm.watson.health.iml.v1.model.GetStatisticsOptionsTest"/>
  <system-out/>
  <testcase name="testGetStatisticsOptionsError" time="0.001" classname="com.ibm.watson.health.iml.v1.model.GetStatisticsOptionsTest"/>
  <system-out/>
</testsuite> <!-- com.ibm.watson.health.iml.v1.model.GetStatisticsOptionsTest -->
