<?xml version="1.0" encoding="UTF-8"?>
<!-- Generated by org.testng.reporters.JUnitReportReporter -->
<testsuite skipped="0" hostname="6083d5323d6a" name="com.ibm.watson.health.iml.v1.model.BackendTest" tests="1" failures="0" timestamp="2021-01-22T16:56:56 UTC" time="0.001" errors="0">
  <testcase name="testBackend" time="0.001" classname="com.ibm.watson.health.iml.v1.model.BackendTest"/>
  <system-out/>
</testsuite> <!-- com.ibm.watson.health.iml.v1.model.BackendTest -->
