<?xml version="1.0" encoding="UTF-8"?>
<!-- Generated by org.testng.reporters.JUnitReportReporter -->
<testsuite skipped="0" hostname="77e6f78330a7" name="com.ibm.watson.health.iml.v1.model.GetSimilarConceptsOptionsTest" tests="2" failures="0" timestamp="2020-08-31T23:25:20 CDT" time="0.001" errors="0">
  <testcase name="testGetSimilarConceptsOptions" time="0.001" classname="com.ibm.watson.health.iml.v1.model.GetSimilarConceptsOptionsTest"/>
  <system-out/>
  <testcase name="testGetSimilarConceptsOptionsError" time="0.000" classname="com.ibm.watson.health.iml.v1.model.GetSimilarConceptsOptionsTest"/>
  <system-out/>
</testsuite> <!-- com.ibm.watson.health.iml.v1.model.GetSimilarConceptsOptionsTest -->
