<?xml version="1.0" encoding="UTF-8"?>
<!-- Generated by org.testng.reporters.JUnitReportReporter -->
<testsuite skipped="0" hostname="77e6f78330a7" name="com.ibm.watson.health.iml.v1.model.DeleteCorpusSchemaOptionsTest" tests="2" failures="0" timestamp="2020-08-31T23:25:20 CDT" time="0.000" errors="0">
  <testcase name="testDeleteCorpusSchemaOptions" time="0.000" classname="com.ibm.watson.health.iml.v1.model.DeleteCorpusSchemaOptionsTest"/>
  <system-out/>
  <testcase name="testDeleteCorpusSchemaOptionsError" time="0.000" classname="com.ibm.watson.health.iml.v1.model.DeleteCorpusSchemaOptionsTest"/>
  <system-out/>
</testsuite> <!-- com.ibm.watson.health.iml.v1.model.DeleteCorpusSchemaOptionsTest -->
