<?xml version="1.0" encoding="UTF-8"?>
<!-- Generated by org.testng.reporters.JUnitReportReporter -->
<testsuite skipped="0" hostname="77e6f78330a7" name="com.ibm.watson.health.iml.v1.model.BoolOperandTest" tests="1" failures="0" timestamp="2020-08-31T23:25:20 CDT" time="0.001" errors="0">
  <testcase name="testBoolOperand" time="0.001" classname="com.ibm.watson.health.iml.v1.model.BoolOperandTest"/>
  <system-out/>
</testsuite> <!-- com.ibm.watson.health.iml.v1.model.BoolOperandTest -->
