<?xml version="1.0" encoding="UTF-8"?>
<!-- Generated by org.testng.reporters.JUnitReportReporter -->
<testsuite skipped="0" hostname="923b2f17ab58" name="com.ibm.watson.health.iml.v1.model.GetDocumentMultipleCategoriesOptionsTest" tests="2" failures="0" timestamp="2021-01-14T19:31:03 UTC" time="0.005" errors="0">
  <testcase name="testGetDocumentMultipleCategoriesOptions" time="0.005" classname="com.ibm.watson.health.iml.v1.model.GetDocumentMultipleCategoriesOptionsTest"/>
  <system-out/>
  <testcase name="testGetDocumentMultipleCategoriesOptionsError" time="0.000" classname="com.ibm.watson.health.iml.v1.model.GetDocumentMultipleCategoriesOptionsTest"/>
  <system-out/>
</testsuite> <!-- com.ibm.watson.health.iml.v1.model.GetDocumentMultipleCategoriesOptionsTest -->
