<?xml version="1.0" encoding="UTF-8"?>
<!-- Generated by org.testng.reporters.JUnitReportReporter -->
<testsuite skipped="0" hostname="ecf9ffdf7179" name="com.ibm.watson.health.iml.v1.model.TypeaheadOptionsTest" tests="2" failures="0" timestamp="2020-10-27T14:03:54 UTC" time="0.001" errors="0">
  <testcase name="testTypeaheadOptionsError" time="0.000" classname="com.ibm.watson.health.iml.v1.model.TypeaheadOptionsTest"/>
  <system-out/>
  <testcase name="testTypeaheadOptions" time="0.001" classname="com.ibm.watson.health.iml.v1.model.TypeaheadOptionsTest"/>
  <system-out/>
</testsuite> <!-- com.ibm.watson.health.iml.v1.model.TypeaheadOptionsTest -->
