<?xml version="1.0" encoding="UTF-8"?>
<!-- Generated by org.testng.reporters.JUnitReportReporter -->
<testsuite skipped="0" hostname="621038f2d9b3" name="com.ibm.watson.health.iml.v1.model.SentenceModelTest" tests="1" failures="0" timestamp="2020-08-10T16:58:00 CDT" time="0.001" errors="0">
  <testcase name="testSentenceModel" time="0.001" classname="com.ibm.watson.health.iml.v1.model.SentenceModelTest"/>
  <system-out/>
</testsuite> <!-- com.ibm.watson.health.iml.v1.model.SentenceModelTest -->
