<?xml version="1.0" encoding="UTF-8"?>
<!-- Generated by org.testng.reporters.JUnitReportReporter -->
<testsuite skipped="0" hostname="621038f2d9b3" name="com.ibm.watson.health.iml.v1.model.RangeModelTest" tests="1" failures="0" timestamp="2020-08-10T16:58:00 CDT" time="0.000" errors="0">
  <testcase name="testRangeModel" time="0.000" classname="com.ibm.watson.health.iml.v1.model.RangeModelTest"/>
  <system-out/>
</testsuite> <!-- com.ibm.watson.health.iml.v1.model.RangeModelTest -->
